<?xml version="1.0" encoding="UTF-8"?>
<!-- Generated by org.testng.reporters.JUnitReportReporter -->
<testsuite hostname="Lovy-PC" failures="0" tests="1" name="testCase.TC_002_LoginTest" time="5.182" errors="0" timestamp="2023-03-19T01:06:13 EDT" skipped="0">
  <testcase classname="testCase.TC_002_LoginTest" name="Test_login" time="5.182"/>
  <system-out/>
</testsuite> <!-- testCase.TC_002_LoginTest -->
