<?xml version="1.0" encoding="UTF-8"?>
<!-- Generated by org.testng.reporters.JUnitReportReporter -->
<testsuite hostname="Lovy-PC" failures="0" tests="1" name="testCase.TC_001_AccountRegistration" time="5.939" errors="0" timestamp="2023-03-19T18:37:22 EDT" skipped="0">
  <testcase classname="testCase.TC_001_AccountRegistration" name="test_account_registration" time="5.939"/>
  <system-out/>
</testsuite> <!-- testCase.TC_001_AccountRegistration -->
